INFO  03:01:50 Application started. Press Ctrl+C to shut down.
INFO  03:01:50 Hosting environment: Development
INFO  03:01:50 Content root path: D:\edufolder\BMS
INFO  03:02:57 Registering Account
INFO  03:02:57 Registering Account
INFO  03:02:57 Account registered
INFO  03:03:08 procesing password
INFO  03:03:08 Login success for Thejas
INFO  03:03:25 Updating Account
INFO  03:03:25 Updating Account details
INFO  03:03:25 Updated account details
INFO  03:03:40 updating new password
INFO  03:03:40 Updating  user password
INFO  03:03:40 password updated successfully
INFO  10:37:46 Application started. Press Ctrl+C to shut down.
INFO  10:37:46 Hosting environment: Development
INFO  10:37:46 Content root path: D:\edufolder\BMS
INFO  10:38:18 Registering Account
INFO  10:38:18 Registering Account
INFO  10:38:18 Account registered
INFO  10:40:40 Application started. Press Ctrl+C to shut down.
INFO  10:40:40 Hosting environment: Development
INFO  10:40:40 Content root path: D:\edufolder\BMS
INFO  10:40:55 Registering Account
INFO  10:40:55 Registering Account
INFO  10:40:55 Account registered
INFO  10:41:16 procesing password
INFO  10:41:16 Login success for Thejas
INFO  10:41:23 Updating Account
INFO  10:41:23 Updating Account details
INFO  10:41:23 Updated account details
INFO  10:41:29 updating new password
INFO  10:41:29 Updating  user password
INFO  10:41:29 password updated successfully
INFO  11:38:31 Application started. Press Ctrl+C to shut down.
INFO  11:38:31 Hosting environment: Development
INFO  11:38:31 Content root path: D:\edufolder\BMS
INFO  11:39:42 procesing password
INFO  11:39:42 Login success for Thejas
INFO  11:43:06 Application started. Press Ctrl+C to shut down.
INFO  11:43:06 Hosting environment: Development
INFO  11:43:06 Content root path: D:\edufolder\BMS
INFO  12:31:01 Application started. Press Ctrl+C to shut down.
INFO  12:31:01 Hosting environment: Development
INFO  12:31:01 Content root path: D:\edufolder\BMS
INFO  12:35:47 Application started. Press Ctrl+C to shut down.
INFO  12:35:47 Hosting environment: Development
INFO  12:35:47 Content root path: D:\edufolder\BMS
INFO  01:04:10 Registering Account
INFO  01:04:10 Registering Account
INFO  01:04:10 Account registered
INFO  01:06:12 Registering Account
INFO  01:06:12 Registering Account
INFO  01:06:12 Account registered
INFO  01:12:12 Application started. Press Ctrl+C to shut down.
INFO  01:12:12 Hosting environment: Development
INFO  01:12:12 Content root path: D:\edufolder\BMS
INFO  01:15:53 Application started. Press Ctrl+C to shut down.
INFO  01:15:53 Hosting environment: Development
INFO  01:15:54 Content root path: D:\edufolder\BMS
INFO  01:27:36 Application started. Press Ctrl+C to shut down.
INFO  01:27:36 Hosting environment: Development
INFO  01:27:36 Content root path: D:\edufolder\BMS
INFO  01:31:07 Application started. Press Ctrl+C to shut down.
INFO  01:31:07 Hosting environment: Development
INFO  01:31:07 Content root path: D:\edufolder\BMS
INFO  01:32:35 Application started. Press Ctrl+C to shut down.
INFO  01:32:35 Hosting environment: Development
INFO  01:32:35 Content root path: D:\edufolder\BMS
INFO  01:36:09 Registering Account
INFO  01:36:09 Registering Account
INFO  01:36:09 Account registered
INFO  01:51:58 Application started. Press Ctrl+C to shut down.
INFO  01:51:58 Hosting environment: Development
INFO  01:51:58 Content root path: D:\edufolder\BMS
INFO  09:15:23 Application started. Press Ctrl+C to shut down.
INFO  09:15:23 Hosting environment: Development
INFO  09:15:23 Content root path: D:\edufolder\BMS
INFO  01:32:52 Application started. Press Ctrl+C to shut down.
INFO  01:32:52 Hosting environment: Development
INFO  01:32:52 Content root path: D:\edufolder\BMS
INFO  01:40:17 procesing password
INFO  01:40:17 Login success for Thejas
INFO  01:40:39 procesing password
INFO  01:40:39 Login success for Thejas
INFO  01:41:21 procesing password
INFO  01:42:28 Login success for Thejas
INFO  01:46:27 procesing password
INFO  01:46:27 Login success for Thejas
INFO  01:46:30 procesing password
INFO  01:46:30 Login success for Thejas
INFO  01:48:09 procesing password
INFO  01:48:09 Login success for Thejas
INFO  01:54:03 procesing password
INFO  01:54:03 Login success for Thejas
INFO  01:54:06 procesing password
INFO  01:54:06 Login success for Thejas
INFO  01:59:16 Application started. Press Ctrl+C to shut down.
INFO  01:59:16 Hosting environment: Development
INFO  01:59:16 Content root path: D:\edufolder\BMS
INFO  01:59:50 procesing password
INFO  01:59:50 Login success for Thejas
INFO  02:00:04 procesing password
INFO  02:00:04 Login success for Thejas
INFO  02:00:29 procesing password
ERROR 02:00:29 invalid credentials
INFO  02:03:04 procesing password
INFO  02:03:04 Login success for Thejas
INFO  02:04:21 procesing password
INFO  02:04:21 Login success for Thejas
INFO  02:04:23 procesing password
INFO  02:04:23 Login success for Thejas
INFO  02:06:08 procesing password
INFO  02:06:08 Login success for Thejas
INFO  02:09:08 procesing password
INFO  02:09:08 Login success for Thejas
INFO  02:09:24 procesing password
INFO  02:09:24 Login success for Thejas
INFO  02:13:36 procesing password
INFO  02:13:36 Login success for Thejas
INFO  02:15:43 procesing password
INFO  02:15:43 Login success for Thejas
INFO  02:17:23 procesing password
INFO  02:17:23 Login success for Thejas
INFO  02:25:36 procesing password
INFO  02:25:36 Login success for Thejas
INFO  02:27:59 procesing password
INFO  02:27:59 Login success for Thejas
INFO  02:30:01 Application started. Press Ctrl+C to shut down.
INFO  02:30:01 Hosting environment: Development
INFO  02:30:01 Content root path: D:\edufolder\BMS
INFO  02:31:32 procesing password
ERROR 02:31:32 invalid credentials
INFO  02:31:50 procesing password
INFO  02:31:50 Login success for Thejas
INFO  02:33:38 procesing password
INFO  02:33:38 Login success for Thejas
INFO  02:35:21 procesing password
INFO  02:35:21 Login success for Thejas
INFO  02:50:01 Application started. Press Ctrl+C to shut down.
INFO  02:50:01 Hosting environment: Development
INFO  02:50:01 Content root path: D:\edufolder\BMS
INFO  02:52:03 procesing password
INFO  02:52:03 Login success for Thejas
INFO  02:52:51 procesing password
ERROR 02:52:51 invalid credentials
INFO  02:52:57 procesing password
ERROR 02:52:57 invalid credentials
INFO  02:53:37 procesing password
ERROR 02:53:37 invalid credentials
INFO  02:53:46 procesing password
ERROR 02:53:46 invalid credentials
INFO  02:54:54 procesing password
ERROR 02:54:54 invalid credentials
INFO  02:55:03 procesing password
ERROR 02:55:03 invalid credentials
INFO  02:56:05 procesing password
ERROR 02:56:05 invalid credentials
INFO  02:57:34 Application started. Press Ctrl+C to shut down.
INFO  02:57:34 Hosting environment: Development
INFO  02:57:34 Content root path: D:\edufolder\BMS
INFO  02:57:43 procesing password
ERROR 02:57:43 invalid credentials
INFO  03:02:45 Application started. Press Ctrl+C to shut down.
INFO  03:02:45 Hosting environment: Development
INFO  03:02:45 Content root path: D:\edufolder\BMS
INFO  03:03:24 procesing password
INFO  03:03:24 Login success for Thejas
INFO  03:03:40 procesing password
ERROR 03:03:40 invalid credentials
INFO  03:18:26 procesing password
INFO  03:18:26 Login success for Thejas
INFO  03:18:42 procesing password
ERROR 03:18:42 invalid credentials
INFO  03:20:11 procesing password
INFO  03:20:11 Login success for Thejas
INFO  03:59:30 Application started. Press Ctrl+C to shut down.
INFO  03:59:30 Hosting environment: Development
INFO  03:59:30 Content root path: D:\edufolder\BMS
INFO  04:01:56 Registering Account
INFO  04:01:56 Registering Account
INFO  04:01:56 Account registered
INFO  04:02:27 procesing password
ERROR 04:02:27 invalid credentials
INFO  04:02:38 procesing password
ERROR 04:02:38 invalid credentials
INFO  04:03:21 procesing password
ERROR 04:04:18 invalid credentials
INFO  04:04:47 procesing password
INFO  04:04:47 Login success for hemanth
INFO  04:26:11 Application started. Press Ctrl+C to shut down.
INFO  04:26:11 Hosting environment: Development
INFO  04:26:11 Content root path: D:\edufolder\BMS
INFO  04:26:16 procesing password
INFO  04:26:16 Login success for Thejas
INFO  04:28:49 Application started. Press Ctrl+C to shut down.
INFO  04:28:49 Hosting environment: Development
INFO  04:28:49 Content root path: D:\edufolder\BMS
INFO  04:29:12 procesing password
INFO  04:29:12 Login success for Thejas
INFO  04:33:11 procesing password
INFO  04:33:11 Login success for Thejas
INFO  04:33:12 procesing password
INFO  04:33:12 Login success for Thejas
INFO  04:33:18 procesing password
INFO  04:33:18 Login success for Thejas
INFO  04:33:18 procesing password
INFO  04:33:18 Login success for Thejas
INFO  04:33:43 Application started. Press Ctrl+C to shut down.
INFO  04:33:43 Hosting environment: Development
INFO  04:33:43 Content root path: D:\edufolder\BMS
INFO  04:33:59 procesing password
INFO  04:33:59 Login success for Thejas
INFO  04:38:30 procesing password
INFO  04:38:30 Login success for Thejas
INFO  04:42:41 procesing password
INFO  04:42:41 Login success for Thejas
INFO  04:44:18 Application started. Press Ctrl+C to shut down.
INFO  04:44:18 Hosting environment: Development
INFO  04:44:18 Content root path: D:\edufolder\BMS
INFO  04:46:15 procesing password
INFO  04:46:15 Login success for Thejas
INFO  04:46:54 procesing password
INFO  04:46:54 Login success for Thejas
INFO  04:51:35 procesing password
INFO  04:51:35 Login success for Thejas
INFO  04:55:13 procesing password
INFO  04:55:13 Login success for Thejas
INFO  04:56:43 procesing password
INFO  04:56:43 Login success for Thejas
INFO  05:00:17 procesing password
INFO  05:00:17 Login success for Thejas
INFO  05:15:35 procesing password
INFO  05:15:35 Login success for Thejas
INFO  07:09:50 Application started. Press Ctrl+C to shut down.
INFO  07:09:50 Hosting environment: Development
INFO  07:09:50 Content root path: D:\edufolder\BMS
INFO  07:12:51 procesing password
INFO  07:12:51 Login success for Thejas
ERROR 07:12:51 An unhandled exception has occurred while executing the request.
Microsoft.AspNetCore.Routing.Matching.AmbiguousMatchException: The request matched multiple endpoints. Matches: 

BMS.Controllers.AccountController.GetUserById (BMS)
BMS.Controllers.AccountController.GetUserNamebyId (BMS)
   at Microsoft.AspNetCore.Routing.Matching.DefaultEndpointSelector.ReportAmbiguity(CandidateState[] candidateState)
   at Microsoft.AspNetCore.Routing.Matching.DefaultEndpointSelector.ProcessFinalCandidates(HttpContext httpContext, CandidateState[] candidateState)
   at Microsoft.AspNetCore.Routing.Matching.DefaultEndpointSelector.Select(HttpContext httpContext, CandidateState[] candidateState)
   at Microsoft.AspNetCore.Routing.Matching.DfaMatcher.MatchAsync(HttpContext httpContext)
   at Microsoft.AspNetCore.Routing.Matching.DataSourceDependentMatcher.MatchAsync(HttpContext httpContext)
   at Microsoft.AspNetCore.Routing.EndpointRoutingMiddleware.Invoke(HttpContext httpContext)
   at Microsoft.AspNetCore.StaticFiles.StaticFileMiddleware.Invoke(HttpContext context)
   at Swashbuckle.AspNetCore.SwaggerUI.SwaggerUIMiddleware.Invoke(HttpContext httpContext)
   at Swashbuckle.AspNetCore.Swagger.SwaggerMiddleware.Invoke(HttpContext httpContext, ISwaggerProvider swaggerProvider)
   at Microsoft.AspNetCore.Diagnostics.DeveloperExceptionPageMiddleware.Invoke(HttpContext context)
ERROR 07:12:59 An unhandled exception has occurred while executing the request.
Microsoft.AspNetCore.Routing.Matching.AmbiguousMatchException: The request matched multiple endpoints. Matches: 

BMS.Controllers.AccountController.GetUserById (BMS)
BMS.Controllers.AccountController.GetUserNamebyId (BMS)
   at Microsoft.AspNetCore.Routing.Matching.DefaultEndpointSelector.ReportAmbiguity(CandidateState[] candidateState)
   at Microsoft.AspNetCore.Routing.Matching.DefaultEndpointSelector.ProcessFinalCandidates(HttpContext httpContext, CandidateState[] candidateState)
   at Microsoft.AspNetCore.Routing.Matching.DefaultEndpointSelector.Select(HttpContext httpContext, CandidateState[] candidateState)
   at Microsoft.AspNetCore.Routing.Matching.DfaMatcher.MatchAsync(HttpContext httpContext)
   at Microsoft.AspNetCore.Routing.Matching.DataSourceDependentMatcher.MatchAsync(HttpContext httpContext)
   at Microsoft.AspNetCore.Routing.EndpointRoutingMiddleware.Invoke(HttpContext httpContext)
   at Microsoft.AspNetCore.StaticFiles.StaticFileMiddleware.Invoke(HttpContext context)
   at Swashbuckle.AspNetCore.SwaggerUI.SwaggerUIMiddleware.Invoke(HttpContext httpContext)
   at Swashbuckle.AspNetCore.Swagger.SwaggerMiddleware.Invoke(HttpContext httpContext, ISwaggerProvider swaggerProvider)
   at Microsoft.AspNetCore.Diagnostics.DeveloperExceptionPageMiddleware.Invoke(HttpContext context)
ERROR 07:12:59 An unhandled exception has occurred while executing the request.
Microsoft.AspNetCore.Routing.Matching.AmbiguousMatchException: The request matched multiple endpoints. Matches: 

BMS.Controllers.AccountController.GetUserById (BMS)
BMS.Controllers.AccountController.GetUserNamebyId (BMS)
   at Microsoft.AspNetCore.Routing.Matching.DefaultEndpointSelector.ReportAmbiguity(CandidateState[] candidateState)
   at Microsoft.AspNetCore.Routing.Matching.DefaultEndpointSelector.ProcessFinalCandidates(HttpContext httpContext, CandidateState[] candidateState)
   at Microsoft.AspNetCore.Routing.Matching.DefaultEndpointSelector.Select(HttpContext httpContext, CandidateState[] candidateState)
   at Microsoft.AspNetCore.Routing.Matching.DfaMatcher.MatchAsync(HttpContext httpContext)
   at Microsoft.AspNetCore.Routing.Matching.DataSourceDependentMatcher.MatchAsync(HttpContext httpContext)
   at Microsoft.AspNetCore.Routing.EndpointRoutingMiddleware.Invoke(HttpContext httpContext)
   at Microsoft.AspNetCore.StaticFiles.StaticFileMiddleware.Invoke(HttpContext context)
   at Swashbuckle.AspNetCore.SwaggerUI.SwaggerUIMiddleware.Invoke(HttpContext httpContext)
   at Swashbuckle.AspNetCore.Swagger.SwaggerMiddleware.Invoke(HttpContext httpContext, ISwaggerProvider swaggerProvider)
   at Microsoft.AspNetCore.Diagnostics.DeveloperExceptionPageMiddleware.Invoke(HttpContext context)
ERROR 07:14:57 An unhandled exception has occurred while executing the request.
Microsoft.AspNetCore.Routing.Matching.AmbiguousMatchException: The request matched multiple endpoints. Matches: 

BMS.Controllers.AccountController.GetUserById (BMS)
BMS.Controllers.AccountController.GetUserNamebyId (BMS)
   at Microsoft.AspNetCore.Routing.Matching.DefaultEndpointSelector.ReportAmbiguity(CandidateState[] candidateState)
   at Microsoft.AspNetCore.Routing.Matching.DefaultEndpointSelector.ProcessFinalCandidates(HttpContext httpContext, CandidateState[] candidateState)
   at Microsoft.AspNetCore.Routing.Matching.DefaultEndpointSelector.Select(HttpContext httpContext, CandidateState[] candidateState)
   at Microsoft.AspNetCore.Routing.Matching.DfaMatcher.MatchAsync(HttpContext httpContext)
   at Microsoft.AspNetCore.Routing.Matching.DataSourceDependentMatcher.MatchAsync(HttpContext httpContext)
   at Microsoft.AspNetCore.Routing.EndpointRoutingMiddleware.Invoke(HttpContext httpContext)
   at Microsoft.AspNetCore.StaticFiles.StaticFileMiddleware.Invoke(HttpContext context)
   at Swashbuckle.AspNetCore.SwaggerUI.SwaggerUIMiddleware.Invoke(HttpContext httpContext)
   at Swashbuckle.AspNetCore.Swagger.SwaggerMiddleware.Invoke(HttpContext httpContext, ISwaggerProvider swaggerProvider)
   at Microsoft.AspNetCore.Diagnostics.DeveloperExceptionPageMiddleware.Invoke(HttpContext context)
ERROR 07:14:57 An unhandled exception has occurred while executing the request.
Microsoft.AspNetCore.Routing.Matching.AmbiguousMatchException: The request matched multiple endpoints. Matches: 

BMS.Controllers.AccountController.GetUserById (BMS)
BMS.Controllers.AccountController.GetUserNamebyId (BMS)
   at Microsoft.AspNetCore.Routing.Matching.DefaultEndpointSelector.ReportAmbiguity(CandidateState[] candidateState)
   at Microsoft.AspNetCore.Routing.Matching.DefaultEndpointSelector.ProcessFinalCandidates(HttpContext httpContext, CandidateState[] candidateState)
   at Microsoft.AspNetCore.Routing.Matching.DefaultEndpointSelector.Select(HttpContext httpContext, CandidateState[] candidateState)
   at Microsoft.AspNetCore.Routing.Matching.DfaMatcher.MatchAsync(HttpContext httpContext)
   at Microsoft.AspNetCore.Routing.Matching.DataSourceDependentMatcher.MatchAsync(HttpContext httpContext)
   at Microsoft.AspNetCore.Routing.EndpointRoutingMiddleware.Invoke(HttpContext httpContext)
   at Microsoft.AspNetCore.StaticFiles.StaticFileMiddleware.Invoke(HttpContext context)
   at Swashbuckle.AspNetCore.SwaggerUI.SwaggerUIMiddleware.Invoke(HttpContext httpContext)
   at Swashbuckle.AspNetCore.Swagger.SwaggerMiddleware.Invoke(HttpContext httpContext, ISwaggerProvider swaggerProvider)
   at Microsoft.AspNetCore.Diagnostics.DeveloperExceptionPageMiddleware.Invoke(HttpContext context)
ERROR 07:15:00 An unhandled exception has occurred while executing the request.
Microsoft.AspNetCore.Routing.Matching.AmbiguousMatchException: The request matched multiple endpoints. Matches: 

BMS.Controllers.AccountController.GetUserById (BMS)
BMS.Controllers.AccountController.GetUserNamebyId (BMS)
   at Microsoft.AspNetCore.Routing.Matching.DefaultEndpointSelector.ReportAmbiguity(CandidateState[] candidateState)
   at Microsoft.AspNetCore.Routing.Matching.DefaultEndpointSelector.ProcessFinalCandidates(HttpContext httpContext, CandidateState[] candidateState)
   at Microsoft.AspNetCore.Routing.Matching.DefaultEndpointSelector.Select(HttpContext httpContext, CandidateState[] candidateState)
   at Microsoft.AspNetCore.Routing.Matching.DfaMatcher.MatchAsync(HttpContext httpContext)
   at Microsoft.AspNetCore.Routing.Matching.DataSourceDependentMatcher.MatchAsync(HttpContext httpContext)
   at Microsoft.AspNetCore.Routing.EndpointRoutingMiddleware.Invoke(HttpContext httpContext)
   at Microsoft.AspNetCore.StaticFiles.StaticFileMiddleware.Invoke(HttpContext context)
   at Swashbuckle.AspNetCore.SwaggerUI.SwaggerUIMiddleware.Invoke(HttpContext httpContext)
   at Swashbuckle.AspNetCore.Swagger.SwaggerMiddleware.Invoke(HttpContext httpContext, ISwaggerProvider swaggerProvider)
   at Microsoft.AspNetCore.Diagnostics.DeveloperExceptionPageMiddleware.Invoke(HttpContext context)
ERROR 07:15:03 An unhandled exception has occurred while executing the request.
Microsoft.AspNetCore.Routing.Matching.AmbiguousMatchException: The request matched multiple endpoints. Matches: 

BMS.Controllers.AccountController.GetUserById (BMS)
BMS.Controllers.AccountController.GetUserNamebyId (BMS)
   at Microsoft.AspNetCore.Routing.Matching.DefaultEndpointSelector.ReportAmbiguity(CandidateState[] candidateState)
   at Microsoft.AspNetCore.Routing.Matching.DefaultEndpointSelector.ProcessFinalCandidates(HttpContext httpContext, CandidateState[] candidateState)
   at Microsoft.AspNetCore.Routing.Matching.DefaultEndpointSelector.Select(HttpContext httpContext, CandidateState[] candidateState)
   at Microsoft.AspNetCore.Routing.Matching.DfaMatcher.MatchAsync(HttpContext httpContext)
   at Microsoft.AspNetCore.Routing.Matching.DataSourceDependentMatcher.MatchAsync(HttpContext httpContext)
   at Microsoft.AspNetCore.Routing.EndpointRoutingMiddleware.Invoke(HttpContext httpContext)
   at Microsoft.AspNetCore.StaticFiles.StaticFileMiddleware.Invoke(HttpContext context)
   at Swashbuckle.AspNetCore.SwaggerUI.SwaggerUIMiddleware.Invoke(HttpContext httpContext)
   at Swashbuckle.AspNetCore.Swagger.SwaggerMiddleware.Invoke(HttpContext httpContext, ISwaggerProvider swaggerProvider)
   at Microsoft.AspNetCore.Diagnostics.DeveloperExceptionPageMiddleware.Invoke(HttpContext context)
ERROR 07:15:14 An unhandled exception has occurred while executing the request.
Microsoft.AspNetCore.Routing.Matching.AmbiguousMatchException: The request matched multiple endpoints. Matches: 

BMS.Controllers.AccountController.GetUserById (BMS)
BMS.Controllers.AccountController.GetUserNamebyId (BMS)
   at Microsoft.AspNetCore.Routing.Matching.DefaultEndpointSelector.ReportAmbiguity(CandidateState[] candidateState)
   at Microsoft.AspNetCore.Routing.Matching.DefaultEndpointSelector.ProcessFinalCandidates(HttpContext httpContext, CandidateState[] candidateState)
   at Microsoft.AspNetCore.Routing.Matching.DefaultEndpointSelector.Select(HttpContext httpContext, CandidateState[] candidateState)
   at Microsoft.AspNetCore.Routing.Matching.DfaMatcher.MatchAsync(HttpContext httpContext)
   at Microsoft.AspNetCore.Routing.Matching.DataSourceDependentMatcher.MatchAsync(HttpContext httpContext)
   at Microsoft.AspNetCore.Routing.EndpointRoutingMiddleware.Invoke(HttpContext httpContext)
   at Microsoft.AspNetCore.StaticFiles.StaticFileMiddleware.Invoke(HttpContext context)
   at Swashbuckle.AspNetCore.SwaggerUI.SwaggerUIMiddleware.Invoke(HttpContext httpContext)
   at Swashbuckle.AspNetCore.Swagger.SwaggerMiddleware.Invoke(HttpContext httpContext, ISwaggerProvider swaggerProvider)
   at Microsoft.AspNetCore.Diagnostics.DeveloperExceptionPageMiddleware.Invoke(HttpContext context)
ERROR 07:15:48 An unhandled exception has occurred while executing the request.
Microsoft.AspNetCore.Routing.Matching.AmbiguousMatchException: The request matched multiple endpoints. Matches: 

BMS.Controllers.AccountController.GetUserById (BMS)
BMS.Controllers.AccountController.GetUserNamebyId (BMS)
   at Microsoft.AspNetCore.Routing.Matching.DefaultEndpointSelector.ReportAmbiguity(CandidateState[] candidateState)
   at Microsoft.AspNetCore.Routing.Matching.DefaultEndpointSelector.ProcessFinalCandidates(HttpContext httpContext, CandidateState[] candidateState)
   at Microsoft.AspNetCore.Routing.Matching.DefaultEndpointSelector.Select(HttpContext httpContext, CandidateState[] candidateState)
   at Microsoft.AspNetCore.Routing.Matching.DfaMatcher.MatchAsync(HttpContext httpContext)
   at Microsoft.AspNetCore.Routing.Matching.DataSourceDependentMatcher.MatchAsync(HttpContext httpContext)
   at Microsoft.AspNetCore.Routing.EndpointRoutingMiddleware.Invoke(HttpContext httpContext)
   at Microsoft.AspNetCore.StaticFiles.StaticFileMiddleware.Invoke(HttpContext context)
   at Swashbuckle.AspNetCore.SwaggerUI.SwaggerUIMiddleware.Invoke(HttpContext httpContext)
   at Swashbuckle.AspNetCore.Swagger.SwaggerMiddleware.Invoke(HttpContext httpContext, ISwaggerProvider swaggerProvider)
   at Microsoft.AspNetCore.Diagnostics.DeveloperExceptionPageMiddleware.Invoke(HttpContext context)
ERROR 07:15:55 An unhandled exception has occurred while executing the request.
Microsoft.AspNetCore.Routing.Matching.AmbiguousMatchException: The request matched multiple endpoints. Matches: 

BMS.Controllers.AccountController.GetUserById (BMS)
BMS.Controllers.AccountController.GetUserNamebyId (BMS)
   at Microsoft.AspNetCore.Routing.Matching.DefaultEndpointSelector.ReportAmbiguity(CandidateState[] candidateState)
   at Microsoft.AspNetCore.Routing.Matching.DefaultEndpointSelector.ProcessFinalCandidates(HttpContext httpContext, CandidateState[] candidateState)
   at Microsoft.AspNetCore.Routing.Matching.DefaultEndpointSelector.Select(HttpContext httpContext, CandidateState[] candidateState)
   at Microsoft.AspNetCore.Routing.Matching.DfaMatcher.MatchAsync(HttpContext httpContext)
   at Microsoft.AspNetCore.Routing.Matching.DataSourceDependentMatcher.MatchAsync(HttpContext httpContext)
   at Microsoft.AspNetCore.Routing.EndpointRoutingMiddleware.Invoke(HttpContext httpContext)
   at Microsoft.AspNetCore.StaticFiles.StaticFileMiddleware.Invoke(HttpContext context)
   at Swashbuckle.AspNetCore.SwaggerUI.SwaggerUIMiddleware.Invoke(HttpContext httpContext)
   at Swashbuckle.AspNetCore.Swagger.SwaggerMiddleware.Invoke(HttpContext httpContext, ISwaggerProvider swaggerProvider)
   at Microsoft.AspNetCore.Diagnostics.DeveloperExceptionPageMiddleware.Invoke(HttpContext context)
INFO  07:16:13 procesing password
INFO  07:16:13 Login success for Thejas
INFO  07:17:14 procesing password
INFO  07:17:14 procesing password
ERROR 07:17:16 An unhandled exception has occurred while executing the request.
Microsoft.AspNetCore.Routing.Matching.AmbiguousMatchException: The request matched multiple endpoints. Matches: 

BMS.Controllers.AccountController.GetUserById (BMS)
BMS.Controllers.AccountController.GetUserNamebyId (BMS)
   at Microsoft.AspNetCore.Routing.Matching.DefaultEndpointSelector.ReportAmbiguity(CandidateState[] candidateState)
   at Microsoft.AspNetCore.Routing.Matching.DefaultEndpointSelector.ProcessFinalCandidates(HttpContext httpContext, CandidateState[] candidateState)
   at Microsoft.AspNetCore.Routing.Matching.DefaultEndpointSelector.Select(HttpContext httpContext, CandidateState[] candidateState)
   at Microsoft.AspNetCore.Routing.Matching.DfaMatcher.MatchAsync(HttpContext httpContext)
   at Microsoft.AspNetCore.Routing.Matching.DataSourceDependentMatcher.MatchAsync(HttpContext httpContext)
   at Microsoft.AspNetCore.Routing.EndpointRoutingMiddleware.Invoke(HttpContext httpContext)
   at Microsoft.AspNetCore.StaticFiles.StaticFileMiddleware.Invoke(HttpContext context)
   at Swashbuckle.AspNetCore.SwaggerUI.SwaggerUIMiddleware.Invoke(HttpContext httpContext)
   at Swashbuckle.AspNetCore.Swagger.SwaggerMiddleware.Invoke(HttpContext httpContext, ISwaggerProvider swaggerProvider)
   at Microsoft.AspNetCore.Diagnostics.DeveloperExceptionPageMiddleware.Invoke(HttpContext context)
INFO  07:17:18 Login success for Thejas
INFO  07:17:18 Login success for Thejas
INFO  07:22:56 Application started. Press Ctrl+C to shut down.
INFO  07:22:56 Hosting environment: Development
INFO  07:22:56 Content root path: D:\edufolder\BMS
INFO  07:24:25 procesing password
INFO  07:24:25 Login success for Thejas
ERROR 07:25:22 An unhandled exception has occurred while executing the request.
Microsoft.AspNetCore.Routing.Matching.AmbiguousMatchException: The request matched multiple endpoints. Matches: 

BMS.Controllers.AccountController.GetUserById (BMS)
BMS.Controllers.AccountController.GetUserNamebyId (BMS)
   at Microsoft.AspNetCore.Routing.Matching.DefaultEndpointSelector.ReportAmbiguity(CandidateState[] candidateState)
   at Microsoft.AspNetCore.Routing.Matching.DefaultEndpointSelector.ProcessFinalCandidates(HttpContext httpContext, CandidateState[] candidateState)
   at Microsoft.AspNetCore.Routing.Matching.DefaultEndpointSelector.Select(HttpContext httpContext, CandidateState[] candidateState)
   at Microsoft.AspNetCore.Routing.Matching.DfaMatcher.MatchAsync(HttpContext httpContext)
   at Microsoft.AspNetCore.Routing.Matching.DataSourceDependentMatcher.MatchAsync(HttpContext httpContext)
   at Microsoft.AspNetCore.Routing.EndpointRoutingMiddleware.Invoke(HttpContext httpContext)
   at Microsoft.AspNetCore.StaticFiles.StaticFileMiddleware.Invoke(HttpContext context)
   at Swashbuckle.AspNetCore.SwaggerUI.SwaggerUIMiddleware.Invoke(HttpContext httpContext)
   at Swashbuckle.AspNetCore.Swagger.SwaggerMiddleware.Invoke(HttpContext httpContext, ISwaggerProvider swaggerProvider)
   at Microsoft.AspNetCore.Diagnostics.DeveloperExceptionPageMiddleware.Invoke(HttpContext context)
INFO  07:27:25 Application started. Press Ctrl+C to shut down.
INFO  07:27:25 Hosting environment: Development
INFO  07:27:25 Content root path: D:\edufolder\BMS
INFO  07:27:48 procesing password
INFO  07:27:48 Login success for Thejas
INFO  07:52:57 Application started. Press Ctrl+C to shut down.
INFO  07:52:57 Hosting environment: Development
INFO  07:52:57 Content root path: D:\edufolder\BMS
INFO  07:53:24 procesing password
ERROR 07:53:24 invalid credentials
INFO  07:53:38 procesing password
INFO  07:53:38 Login success for Thejas
INFO  08:03:30 Application started. Press Ctrl+C to shut down.
INFO  08:03:30 Hosting environment: Development
INFO  08:03:30 Content root path: D:\edufolder\BMS
INFO  08:05:02 procesing password
INFO  08:05:02 Login success for Thejas
INFO  08:19:41 Application started. Press Ctrl+C to shut down.
INFO  08:19:41 Hosting environment: Development
INFO  08:19:41 Content root path: D:\edufolder\BMS
INFO  08:21:01 procesing password
INFO  08:21:01 Login success for Thejas
INFO  08:23:31 procesing password
INFO  08:23:31 Login success for Thejas
INFO  08:31:44 procesing password
INFO  08:31:44 Login success for Thejas
INFO  09:08:08 Application started. Press Ctrl+C to shut down.
INFO  09:08:08 Hosting environment: Development
INFO  09:08:08 Content root path: D:\edufolder\BMS
INFO  09:09:18 procesing password
INFO  09:09:18 Login success for Thejas
INFO  09:54:15 Application started. Press Ctrl+C to shut down.
INFO  09:54:15 Hosting environment: Development
INFO  09:54:15 Content root path: D:\edufolder\BMS
INFO  09:55:56 procesing password
INFO  09:55:56 Login success for Thejas
INFO  11:00:51 Application started. Press Ctrl+C to shut down.
INFO  11:00:51 Hosting environment: Development
INFO  11:00:51 Content root path: D:\edufolder\BMS
INFO  11:03:32 procesing password
INFO  11:03:32 Login success for Thejas
INFO  11:03:49 Updating Account
INFO  11:03:49 Updating Account details
INFO  11:03:49 Updated account details
INFO  11:04:14 Updating Account
INFO  11:04:14 Updating Account details
INFO  11:04:14 Updated account details
INFO  11:53:22 Application started. Press Ctrl+C to shut down.
INFO  11:53:22 Hosting environment: Development
INFO  11:53:22 Content root path: D:\edufolder\BMS
INFO  11:53:53 procesing password
INFO  11:53:53 Login success for Thejas
INFO  09:46:43 Application started. Press Ctrl+C to shut down.
INFO  09:46:43 Hosting environment: Development
INFO  09:46:43 Content root path: D:\edufolder\BMS
INFO  09:50:33 procesing password
INFO  09:50:33 Login success for Thejas
INFO  10:25:48 Application started. Press Ctrl+C to shut down.
INFO  10:25:48 Hosting environment: Development
INFO  10:25:48 Content root path: D:\edufolder\BMS
INFO  10:26:15 procesing password
INFO  10:26:15 Login success for Thejas
INFO  10:54:01 Application started. Press Ctrl+C to shut down.
INFO  10:54:01 Hosting environment: Development
INFO  10:54:01 Content root path: D:\edufolder\BMS
INFO  11:00:44 procesing password
INFO  11:00:44 Login success for Thejas
INFO  11:26:11 Application started. Press Ctrl+C to shut down.
INFO  11:26:11 Hosting environment: Development
INFO  11:26:11 Content root path: D:\edufolder\BMS
INFO  11:30:02 procesing password
INFO  11:30:02 Login success for Thejas
INFO  01:42:08 Application started. Press Ctrl+C to shut down.
INFO  01:42:08 Hosting environment: Development
INFO  01:42:08 Content root path: D:\edufolder\BMS
INFO  01:44:11 procesing password
INFO  01:44:11 Login success for Thejas
INFO  01:49:49 Application started. Press Ctrl+C to shut down.
INFO  01:49:49 Hosting environment: Development
INFO  01:49:49 Content root path: D:\edufolder\BMS
INFO  07:32:33 Application started. Press Ctrl+C to shut down.
INFO  07:32:33 Hosting environment: Development
INFO  07:32:33 Content root path: D:\edufolder\BMS
INFO  07:32:49 procesing password
INFO  07:32:49 Login success for Thejas
INFO  07:49:24 procesing password
INFO  07:49:24 Login success for Thejas
INFO  07:57:54 procesing password
INFO  07:57:54 Login success for Thejas
INFO  08:00:40 procesing password
INFO  08:00:40 Login success for Thejas
INFO  09:13:44 procesing password
INFO  09:13:44 Login success for Thejas
INFO  09:20:37 updating new password
INFO  09:20:37 Updating  user password
INFO  09:20:37 password updated successfully
INFO  09:26:47 Application started. Press Ctrl+C to shut down.
INFO  09:26:47 Hosting environment: Development
INFO  09:26:47 Content root path: D:\edufolder\BMS
INFO  09:28:06 procesing password
INFO  09:28:06 Login success for Thejas
INFO  09:31:00 procesing password
INFO  09:31:00 Login success for Thejas
INFO  09:34:19 procesing password
ERROR 09:34:19 invalid credentials
INFO  10:03:57 procesing password
INFO  10:03:57 Login success for Thejas
INFO  11:27:42 Application started. Press Ctrl+C to shut down.
INFO  11:27:42 Hosting environment: Development
INFO  11:27:42 Content root path: D:\edufolder\BMS
INFO  11:45:51 Application started. Press Ctrl+C to shut down.
INFO  11:45:51 Hosting environment: Development
INFO  11:45:51 Content root path: D:\edufolder\BMS
INFO  11:51:40 Application started. Press Ctrl+C to shut down.
INFO  11:51:40 Hosting environment: Development
INFO  11:51:40 Content root path: D:\edufolder\BMS
INFO  12:39:02 Application started. Press Ctrl+C to shut down.
INFO  12:39:02 Hosting environment: Development
INFO  12:39:02 Content root path: D:\edufolder\BMS
INFO  09:04:17 Application started. Press Ctrl+C to shut down.
INFO  09:04:17 Hosting environment: Development
INFO  09:04:17 Content root path: D:\edufolder\BMS
INFO  09:04:34 procesing password
INFO  09:04:34 Login success for Thejas
INFO  09:15:06 updating new password
INFO  09:15:06 Updating  user password
INFO  09:15:06 password updated successfully
ERROR 09:15:13 Object reference not set to an instance of an object.
ERROR 09:15:59 Object reference not set to an instance of an object.
ERROR 09:17:09 Object reference not set to an instance of an object.
INFO  09:17:36 Application started. Press Ctrl+C to shut down.
INFO  09:17:36 Hosting environment: Development
INFO  09:17:36 Content root path: D:\edufolder\BMS
INFO  09:18:52 updating new password
INFO  09:18:52 Updating  user password
INFO  09:18:52 password updated successfully
INFO  09:19:06 procesing password
INFO  09:19:06 Login success for Thejas
INFO  10:34:29 Application started. Press Ctrl+C to shut down.
INFO  10:34:29 Hosting environment: Development
INFO  10:34:29 Content root path: D:\edufolder\BMS
ERROR 10:41:07 Object reference not set to an instance of an object.
INFO  10:41:09 Registering Account
INFO  10:41:09 Registering Account
INFO  10:41:09 Account registered
INFO  10:42:26 Application started. Press Ctrl+C to shut down.
INFO  10:42:26 Hosting environment: Development
INFO  10:42:26 Content root path: D:\edufolder\BMS
INFO  10:45:51 Registering Account
INFO  10:45:51 Registering Account
INFO  10:45:51 Account registered
INFO  10:46:01 procesing password
ERROR 10:46:01 invalid credentials
INFO  10:46:09 procesing password
INFO  10:46:09 Login success for hemanth
INFO  05:28:49 Application started. Press Ctrl+C to shut down.
INFO  05:28:49 Hosting environment: Development
INFO  05:28:49 Content root path: D:\edufolder\BMS
INFO  05:30:11 procesing password
INFO  05:30:11 Login success for Thejas
INFO  08:36:12 Application started. Press Ctrl+C to shut down.
INFO  08:36:12 Hosting environment: Development
INFO  08:36:12 Content root path: D:\edufolder\BMS
INFO  08:36:20 procesing password
INFO  08:36:20 Login success for Thejas
INFO  09:11:48 Application started. Press Ctrl+C to shut down.
INFO  09:11:48 Hosting environment: Development
INFO  09:11:48 Content root path: D:\edufolder\BMS
INFO  09:12:11 procesing password
INFO  09:12:11 Login success for Thejas
INFO  09:22:35 Application started. Press Ctrl+C to shut down.
INFO  09:22:35 Hosting environment: Development
INFO  09:22:35 Content root path: D:\edufolder\BMS
INFO  09:22:48 procesing password
INFO  09:22:48 Login success for Thejas
INFO  09:26:35 procesing password
INFO  09:26:35 Login success for Thejas
INFO  09:30:55 updating new password
INFO  09:30:55 Updating  user password
INFO  09:30:55 password updated successfully
INFO  09:33:31 Application started. Press Ctrl+C to shut down.
INFO  09:33:31 Hosting environment: Development
INFO  09:33:31 Content root path: D:\edufolder\BMS
INFO  09:34:03 procesing password
INFO  09:34:03 Login success for Thejas
INFO  09:40:30 Application started. Press Ctrl+C to shut down.
INFO  09:40:30 Hosting environment: Development
INFO  09:40:30 Content root path: D:\edufolder\BMS
INFO  09:47:16 procesing password
INFO  09:47:16 Login success for Thejas
INFO  10:06:00 Registering Account
INFO  10:06:00 Registering Account
INFO  10:06:00 Account registered
INFO  10:06:10 procesing password
INFO  10:06:10 Login success for hemanth
INFO  10:17:47 Registering Account
INFO  10:17:47 Registering Account
INFO  10:17:47 Account registered
INFO  10:17:56 procesing password
INFO  10:17:56 Login success for hemanth
INFO  10:21:24 procesing password
INFO  10:21:24 Login success for Thejas
INFO  10:43:02 procesing password
ERROR 10:43:02 invalid credentials
INFO  10:43:11 procesing password
INFO  10:43:11 Login success for Thejas
INFO  11:02:23 Application started. Press Ctrl+C to shut down.
INFO  11:02:23 Hosting environment: Development
INFO  11:02:23 Content root path: D:\edufolder\BMS
INFO  11:23:18 Registering Account
INFO  11:23:18 Registering Account
INFO  11:23:18 Account registered
INFO  11:23:27 procesing password
INFO  11:23:27 Login success for hemanth
INFO  11:23:39 Updating Account
INFO  11:23:39 Updating Account details
INFO  11:23:39 Updated account details
INFO  11:24:00 Updating Account
INFO  11:24:00 Updating Account details
INFO  11:24:00 Updated account details
INFO  12:17:22 Application started. Press Ctrl+C to shut down.
INFO  12:17:22 Hosting environment: Development
INFO  12:17:22 Content root path: D:\edufolder\BMS
INFO  12:19:29 Registering Account
INFO  12:19:29 Registering Account
INFO  12:19:29 Account registered
INFO  12:19:40 procesing password
INFO  12:19:40 Login success for hemanth
INFO  12:54:44 Updating Account
INFO  12:54:44 Updating Account details
INFO  12:54:44 Updated account details
INFO  12:54:56 Updating Account
INFO  12:54:56 Updating Account details
INFO  12:54:56 Updated account details
INFO  12:55:40 Updating Account
INFO  12:55:40 Updating Account details
INFO  12:55:40 Updated account details
INFO  12:59:00 Updating Account
INFO  12:59:00 Updating Account details
INFO  12:59:00 Updated account details
INFO  12:59:15 Updating Account
INFO  12:59:15 Updating Account details
INFO  12:59:15 Updated account details
INFO  01:01:12 Registering Account
INFO  01:01:12 Registering Account
INFO  01:01:12 Account registered
INFO  01:01:50 procesing password
INFO  01:01:50 Login success for hemanth
INFO  01:03:02 Updating Account
INFO  01:03:02 Updating Account details
INFO  01:03:02 Updated account details
INFO  01:49:56 Application started. Press Ctrl+C to shut down.
INFO  01:49:56 Hosting environment: Development
INFO  01:49:56 Content root path: D:\edufolder\BMS
INFO  01:51:59 Registering Account
INFO  01:51:59 Registering Account
INFO  01:52:01 Account registered
INFO  01:52:54 procesing password
INFO  01:52:55 Login success for hemanth
INFO  01:53:22 Updating Account
INFO  01:53:22 Updating Account details
INFO  01:53:22 Updated account details
INFO  02:08:08 Application started. Press Ctrl+C to shut down.
INFO  02:08:08 Hosting environment: Development
INFO  02:08:08 Content root path: D:\edufolder\BMS
INFO  02:11:02 procesing password
INFO  02:11:02 Login success for hemanth
INFO  02:38:59 Application started. Press Ctrl+C to shut down.
INFO  02:38:59 Hosting environment: Development
INFO  02:38:59 Content root path: D:\edufolder\BMS
INFO  02:39:27 procesing password
INFO  02:39:28 Login success for hemanth
INFO  02:43:27 procesing password
INFO  02:43:27 Login success for hemanth
INFO  04:25:18 Application started. Press Ctrl+C to shut down.
INFO  04:25:18 Hosting environment: Development
INFO  04:25:18 Content root path: D:\edufolder\BMS
INFO  04:33:54 procesing password
INFO  04:33:57 procesing password
INFO  04:34:01 Login success for hemanth
INFO  04:34:01 Login success for hemanth
INFO  05:28:43 Application started. Press Ctrl+C to shut down.
INFO  05:28:43 Hosting environment: Development
INFO  05:28:43 Content root path: D:\edufolder\BMS
INFO  05:31:22 procesing password
INFO  05:31:25 Login success for hemanth
INFO  05:43:32 procesing password
INFO  05:43:32 Login success for hemanth
INFO  05:51:02 Updating Account
INFO  05:51:02 Updating Account details
ERROR 05:51:45 Object reference not set to an instance of an object.
INFO  05:52:49 Updating Account
INFO  05:52:49 Updating Account details
ERROR 05:53:03 Object reference not set to an instance of an object.
INFO  05:53:26 Updating Account
INFO  05:53:34 Updating Account details
ERROR 05:54:09 Object reference not set to an instance of an object.
INFO  05:54:23 Updating Account
INFO  05:54:23 Updating Account details
INFO  05:54:23 Updated account details
INFO  06:04:37 procesing password
INFO  06:04:37 Login success for hemanth
INFO  06:08:05 procesing password
INFO  06:08:05 Login success for hemanth
INFO  06:13:29 Updating Account
INFO  06:13:29 Updating Account details
INFO  06:13:30 Updated account details
INFO  08:28:55 Application started. Press Ctrl+C to shut down.
INFO  08:28:55 Hosting environment: Development
INFO  08:28:55 Content root path: D:\edufolder\BMS
INFO  08:32:55 procesing password
INFO  08:32:58 Login success for hemanth
INFO  08:35:45 Updating Account
INFO  08:35:48 Updating Account details
INFO  08:35:56 Updated account details
INFO  08:36:17 Updating Account
INFO  08:36:17 Updating Account details
INFO  08:36:17 Updated account details
INFO  08:49:16 procesing password
INFO  08:49:16 Login success for hemanth
INFO  09:05:20 Application started. Press Ctrl+C to shut down.
INFO  09:05:20 Hosting environment: Development
INFO  09:05:20 Content root path: D:\edufolder\BMS
INFO  09:05:31 procesing password
INFO  09:05:36 Login success for hemanth
INFO  09:08:16 Application started. Press Ctrl+C to shut down.
INFO  09:08:16 Hosting environment: Development
INFO  09:08:16 Content root path: D:\edufolder\BMS
INFO  09:08:52 procesing password
INFO  09:08:55 Login success for hemanth
INFO  09:11:05 procesing password
INFO  09:11:05 Login success for hemanth
INFO  09:13:02 Application started. Press Ctrl+C to shut down.
INFO  09:13:02 Hosting environment: Development
INFO  09:13:02 Content root path: D:\edufolder\BMS
INFO  09:13:39 procesing password
INFO  09:13:41 Login success for hemanth
INFO  10:31:10 Application started. Press Ctrl+C to shut down.
INFO  10:31:10 Hosting environment: Development
INFO  10:31:10 Content root path: D:\edufolder\BMS
INFO  10:34:46 procesing password
INFO  10:34:49 Login success for hemanth
INFO  10:35:43 updating new password
INFO  10:35:43 Updating  user password
INFO  10:35:43 password updated successfully
INFO  10:35:55 procesing password
INFO  10:35:55 Login success for hemanth
INFO  08:57:06 Application started. Press Ctrl+C to shut down.
INFO  08:57:06 Hosting environment: Development
INFO  08:57:06 Content root path: D:\edufolder\BMS
INFO  09:06:38 Application started. Press Ctrl+C to shut down.
INFO  09:06:38 Hosting environment: Development
INFO  09:06:38 Content root path: D:\edufolder\BMS
INFO  09:16:21 Application started. Press Ctrl+C to shut down.
INFO  09:16:21 Hosting environment: Development
INFO  09:16:21 Content root path: D:\edufolder\BMS
INFO  12:12:46 Application started. Press Ctrl+C to shut down.
INFO  12:12:46 Hosting environment: Development
INFO  12:12:46 Content root path: D:\edufolder\BMS
INFO  12:21:30 Registering Account
INFO  12:21:30 Registering Account
INFO  12:21:34 Account registered
INFO  12:21:40 procesing password
INFO  12:21:43 Login success for thejas
INFO  12:22:18 Updating Account
INFO  12:22:18 Updating Account details
INFO  12:22:18 Updated account details
INFO  12:23:08 updating new password
INFO  12:23:08 Updating  user password
INFO  12:23:08 password updated successfully
INFO  12:23:29 procesing password
INFO  12:23:29 Login success for thejas
INFO  12:28:26 procesing password
INFO  12:28:26 Login success for thejas
INFO  04:19:29 Application started. Press Ctrl+C to shut down.
INFO  04:19:30 Hosting environment: Development
INFO  04:19:30 Content root path: D:\edufolder\BMS
INFO  04:19:52 procesing password
INFO  04:19:57 Login success for hemanth
INFO  09:09:08 Application started. Press Ctrl+C to shut down.
INFO  09:09:08 Hosting environment: Development
INFO  09:09:08 Content root path: D:\edufolder\BMS
INFO  09:16:54 procesing password
INFO  09:16:55 procesing password
INFO  09:17:00 Login success for hemanth
INFO  09:17:00 Login success for hemanth
INFO  09:42:16 Updating Account
INFO  09:42:16 Updating Account details
INFO  09:42:17 Updated account details
INFO  09:42:34 procesing password
ERROR 09:42:34 Invalid credentials
INFO  09:42:41 procesing password
INFO  09:42:41 Login success for hemanth
INFO  10:22:00 procesing password
INFO  10:22:00 Login success for hemanth
INFO  08:14:45 Application started. Press Ctrl+C to shut down.
INFO  08:14:45 Hosting environment: Development
INFO  08:14:45 Content root path: D:\edufolder\BMS
INFO  09:03:26 Application started. Press Ctrl+C to shut down.
INFO  09:03:26 Hosting environment: Development
INFO  09:03:26 Content root path: D:\edufolder\BMS
INFO  10:17:54 updating new password
INFO  10:17:54 Updating  user password
INFO  10:17:55 password updated successfully
INFO  10:18:04 procesing password
INFO  10:18:05 Login success for hemanth
INFO  11:02:13 Application started. Press Ctrl+C to shut down.
INFO  11:02:13 Hosting environment: Development
INFO  11:02:13 Content root path: D:\edufolder\BMS
INFO  11:32:16 procesing password
INFO  11:32:21 Login success for hemanth
INFO  11:38:04 procesing password
INFO  11:38:04 Login success for hemanth
INFO  11:59:57 Registering Account
INFO  11:59:57 Registering Account
INFO  11:59:57 Account registered
INFO  12:00:08 procesing password
INFO  12:00:08 Login success for RajVishnu
INFO  12:27:29 procesing password
INFO  12:27:29 Login success for RajVishnu
INFO  12:27:53 procesing password
INFO  12:27:53 Login success for RajVishnu
INFO  12:30:41 procesing password
INFO  12:30:41 Login success for RajVishnu
INFO  12:43:01 Application started. Press Ctrl+C to shut down.
INFO  12:43:01 Hosting environment: Development
INFO  12:43:01 Content root path: D:\edufolder\BMS
INFO  12:47:26 updating new password
INFO  12:47:26 Updating  user password
INFO  12:47:27 password updated successfully
INFO  12:48:12 procesing password
INFO  12:48:12 Login success for thejas
INFO  01:06:31 procesing password
INFO  01:06:31 Login success for thejas
INFO  01:47:14 Registering Account
INFO  01:47:14 Registering Account
INFO  01:47:14 Account registered
INFO  01:47:24 procesing password
INFO  01:47:24 Login success for sharan
INFO  02:24:02 Application started. Press Ctrl+C to shut down.
INFO  02:24:02 Hosting environment: Development
INFO  02:24:02 Content root path: D:\edufolder\BMS
INFO  02:54:06 Application started. Press Ctrl+C to shut down.
INFO  02:54:06 Hosting environment: Development
INFO  02:54:06 Content root path: D:\edufolder\BMS
INFO  03:10:14 Registering Account
INFO  03:10:14 Registering Account
INFO  03:10:14 Account registered
INFO  03:10:25 procesing password
INFO  03:10:25 Login success for yashwanth
INFO  03:17:04 updating new password
INFO  03:17:04 Updating  user password
INFO  03:17:04 password updated successfully
INFO  03:35:02 procesing password
INFO  03:36:11 Login success for yashwanth
INFO  12:20:16 Application started. Press Ctrl+C to shut down.
INFO  12:20:16 Hosting environment: Development
INFO  12:20:16 Content root path: D:\edufolder\BMS
INFO  08:15:46 Application started. Press Ctrl+C to shut down.
INFO  08:15:47 Hosting environment: Development
INFO  08:15:47 Content root path: D:\edufolder\BMS
INFO  08:32:20 procesing password
INFO  08:32:20 procesing password
INFO  08:32:36 procesing password
ERROR 08:32:45 Invalid credentials
ERROR 08:32:45 Invalid credentials
ERROR 08:32:45 Invalid credentials
INFO  08:33:33 procesing password
ERROR 08:33:33 Invalid credentials
INFO  08:36:52 procesing password
ERROR 08:36:53 Invalid credentials
INFO  08:48:14 procesing password
ERROR 08:48:14 Invalid credentials
INFO  08:48:24 procesing password
ERROR 08:48:24 Invalid credentials
INFO  08:48:46 procesing password
INFO  08:48:49 Login success for yashwanth
INFO  08:52:08 procesing password
ERROR 08:52:08 Invalid credentials
INFO  08:53:17 procesing password
INFO  08:53:17 Login success for yashwanth
INFO  08:55:01 procesing password
INFO  08:55:01 Login success for yashwanth
INFO  08:59:56 procesing password
INFO  08:59:56 Login success for yashwanth
INFO  09:00:58 procesing password
INFO  09:00:58 Login success for yashwanth
INFO  09:01:42 procesing password
INFO  09:01:42 Login success for yashwanth
INFO  11:53:43 procesing password
INFO  11:53:43 Login success for yashwanth
INFO  11:56:56 procesing password
ERROR 11:56:56 Invalid credentials
INFO  12:55:58 Application started. Press Ctrl+C to shut down.
INFO  12:55:58 Hosting environment: Development
INFO  12:55:58 Content root path: D:\edufolder\BMS
INFO  12:56:47 Registering Account
INFO  12:56:47 Registering Account
INFO  12:56:51 Account registered
INFO  12:57:19 procesing password
ERROR 12:57:20 Invalid credentials
INFO  01:02:02 procesing password
INFO  01:02:02 Login success for Somashekar
INFO  02:47:36 Application started. Press Ctrl+C to shut down.
INFO  02:47:36 Hosting environment: Development
INFO  02:47:36 Content root path: D:\edufolder\BMS
INFO  03:13:15 Registering Account
INFO  03:13:15 Registering Account
INFO  03:13:16 Account registered
INFO  03:13:18 procesing password
INFO  03:13:19 Login success for VarunMS
INFO  04:08:33 Application started. Press Ctrl+C to shut down.
INFO  04:08:33 Hosting environment: Development
INFO  04:08:33 Content root path: D:\edufolder\BMS
INFO  04:20:33 Registering Account
INFO  04:20:33 Registering Account
INFO  04:20:34 Account registered
INFO  04:20:36 procesing password
INFO  04:20:37 Login success for VarunMS
INFO  04:23:23 procesing password
INFO  04:23:23 Login success for MSVarun
INFO  04:23:50 procesing password
INFO  04:23:50 Login success for MSVarun
INFO  04:54:14 Application started. Press Ctrl+C to shut down.
INFO  04:54:14 Hosting environment: Development
INFO  04:54:14 Content root path: D:\edufolder\BMS
INFO  05:00:05 procesing password
INFO  05:00:06 Login success for MSVarun
INFO  06:23:01 Application started. Press Ctrl+C to shut down.
INFO  06:23:01 Hosting environment: Development
INFO  06:23:01 Content root path: D:\edufolder\BMS
INFO  06:23:44 procesing password
INFO  06:23:46 Login success for VarunMS
INFO  06:25:58 procesing password
INFO  06:25:58 Login success for VarunMS
INFO  06:28:29 procesing password
INFO  06:28:29 Login success for VarunMS
INFO  06:36:58 procesing password
INFO  06:36:58 Login success for VarunMS
INFO  06:42:39 procesing password
INFO  06:42:39 Login success for VarunMS
INFO  06:53:30 procesing password
INFO  06:53:30 Login success for VarunMS
INFO  07:13:43 Application started. Press Ctrl+C to shut down.
INFO  07:13:43 Hosting environment: Development
INFO  07:13:43 Content root path: D:\edufolder\BMS
INFO  12:10:19 Application started. Press Ctrl+C to shut down.
INFO  12:10:19 Hosting environment: Development
INFO  12:10:19 Content root path: D:\edufolder\BMS
INFO  12:13:27 procesing password
INFO  12:13:31 Login success for VarunMS
INFO  12:17:27 procesing password
INFO  12:17:27 Login success for VarunMS
INFO  12:18:59 procesing password
INFO  12:18:59 Login success for VarunMS
INFO  09:30:10 Application started. Press Ctrl+C to shut down.
INFO  09:30:10 Hosting environment: Development
INFO  09:30:10 Content root path: D:\edufolder\BMS
INFO  09:33:04 procesing password
ERROR 09:33:09 Invalid credentials
INFO  09:34:14 procesing password
INFO  09:34:16 Login success for yashwanth
ERROR 09:34:18 Object reference not set to an instance of an object.
INFO  09:37:17 Registering Account
INFO  09:37:17 Registering Account
INFO  09:37:17 Account registered
INFO  09:37:20 procesing password
INFO  09:37:20 Login success for VarunMS
ERROR 09:37:20 Object reference not set to an instance of an object.
INFO  09:38:36 Registering Account
INFO  09:38:36 Registering Account
INFO  09:38:36 Account registered
INFO  09:38:40 procesing password
INFO  09:38:40 Login success for Virat
ERROR 09:38:40 Object reference not set to an instance of an object.
INFO  09:39:26 procesing password
INFO  09:39:26 Login success for VarunMS
ERROR 09:39:26 Object reference not set to an instance of an object.
ERROR 09:39:36 Object reference not set to an instance of an object.
INFO  09:42:28 procesing password
INFO  09:42:29 Login success for VarunMS
ERROR 09:42:29 Object reference not set to an instance of an object.
ERROR 09:42:39 Object reference not set to an instance of an object.
INFO  09:43:29 procesing password
INFO  09:43:29 Login success for VarunMS
ERROR 09:43:29 Object reference not set to an instance of an object.
ERROR 09:43:39 Object reference not set to an instance of an object.
INFO  09:44:49 procesing password
INFO  09:44:49 Login success for VarunMS
ERROR 09:44:49 Object reference not set to an instance of an object.
ERROR 09:44:59 Object reference not set to an instance of an object.
INFO  09:47:05 procesing password
INFO  09:47:05 Login success for Virat
ERROR 09:47:05 Object reference not set to an instance of an object.
ERROR 09:47:13 Object reference not set to an instance of an object.
INFO  09:49:03 Application started. Press Ctrl+C to shut down.
INFO  09:49:03 Hosting environment: Development
INFO  09:49:03 Content root path: D:\edufolder\BMS
INFO  09:49:30 procesing password
INFO  09:49:32 Login success for Virat
INFO  09:51:32 procesing password
INFO  09:51:32 Login success for Virat
INFO  09:52:43 procesing password
INFO  09:52:43 Login success for VarunMS
INFO  09:53:11 procesing password
INFO  09:53:11 Login success for VarunMS
INFO  02:03:52 Application started. Press Ctrl+C to shut down.
INFO  02:03:52 Hosting environment: Development
INFO  02:03:52 Content root path: D:\edufolder\BMS
INFO  02:07:03 procesing password
INFO  02:07:06 Login success for Virat
INFO  02:08:22 Updating Account
INFO  02:08:22 Updating Account details
INFO  02:08:22 Updated account details
INFO  02:09:24 Application started. Press Ctrl+C to shut down.
INFO  02:09:24 Hosting environment: Development
INFO  02:09:24 Content root path: D:\edufolder\BMS
INFO  02:12:44 procesing password
INFO  02:12:44 Login success for Virat
INFO  02:13:17 Updating Account
INFO  02:13:17 Updating Account details
INFO  02:13:17 Updated account details
INFO  09:20:11 Application started. Press Ctrl+C to shut down.
INFO  09:20:11 Hosting environment: Development
INFO  09:20:11 Content root path: D:\edufolder\BMS
INFO  09:29:29 procesing password
INFO  09:29:32 Login success for thejas
INFO  09:30:13 Updating Account
INFO  09:30:13 Updating Account details
INFO  09:30:13 Updated account details
INFO  09:36:15 updating new password
INFO  09:36:15 Updating  user password
INFO  09:36:15 password updated successfully
INFO  09:36:31 procesing password
ERROR 09:36:31 Invalid credentials
INFO  09:36:39 procesing password
ERROR 09:36:39 Invalid credentials
INFO  09:36:48 procesing password
ERROR 09:36:48 Invalid credentials
INFO  09:37:12 procesing password
ERROR 09:37:12 Invalid credentials
INFO  09:37:23 procesing password
ERROR 09:37:23 Invalid credentials
INFO  09:37:40 procesing password
INFO  09:37:40 Login success for thejasv
INFO  09:38:16 updating new password
INFO  09:38:16 Updating  user password
INFO  09:38:16 password updated successfully
INFO  09:38:27 procesing password
INFO  09:38:27 Login success for thejasv
INFO  09:42:25 Registering Account
INFO  09:42:25 Registering Account
INFO  09:42:25 Account registered
INFO  09:42:28 procesing password
INFO  09:42:28 Login success for Virat
INFO  09:42:56 procesing password
ERROR 09:42:56 Invalid credentials
INFO  09:44:45 procesing password
INFO  09:44:45 Login success for Virat
INFO  09:45:24 procesing password
INFO  09:45:24 Login success for Virat
INFO  10:29:34 Application started. Press Ctrl+C to shut down.
INFO  10:29:34 Hosting environment: Development
INFO  10:29:34 Content root path: D:\edufolder\BMS
INFO  10:36:29 Registering Account
INFO  10:36:29 Registering Account
INFO  10:36:29 Account registered
INFO  10:36:32 procesing password
INFO  10:36:32 Login success for Virat
INFO  10:37:28 procesing password
INFO  10:37:28 Login success for Virat
INFO  10:38:12 procesing password
INFO  10:38:12 Login success for Virat
INFO  10:41:37 Application started. Press Ctrl+C to shut down.
INFO  10:41:37 Hosting environment: Development
INFO  10:41:37 Content root path: D:\edufolder\BMS
INFO  10:42:00 procesing password
INFO  10:42:01 Login success for Virat
INFO  10:42:15 Updating Account
INFO  10:42:15 Updating Account details
INFO  10:42:15 Updated account details
INFO  10:42:37 procesing password
INFO  10:42:37 Login success for Virat
INFO  01:52:26 Application started. Press Ctrl+C to shut down.
INFO  01:52:26 Hosting environment: Development
INFO  01:52:26 Content root path: D:\edufolder\BMS
INFO  01:57:52 procesing password
ERROR 01:57:54 Invalid credentials
INFO  01:57:58 procesing password
ERROR 01:57:58 Invalid credentials
INFO  01:58:06 procesing password
ERROR 01:58:06 Invalid credentials
INFO  01:58:32 procesing password
ERROR 01:58:32 Invalid credentials
INFO  01:58:45 procesing password
ERROR 01:58:45 Invalid credentials
INFO  02:01:11 Application started. Press Ctrl+C to shut down.
INFO  02:01:11 Hosting environment: Development
INFO  02:01:11 Content root path: D:\edufolder\BMS
INFO  02:02:32 Registering Account
INFO  02:02:32 Registering Account
INFO  02:02:32 Account registered
INFO  02:02:35 procesing password
INFO  02:02:36 Login success for Virat
INFO  02:03:32 procesing password
ERROR 02:03:32 Invalid credentials
INFO  02:05:13 procesing password
INFO  02:05:13 Login success for thejasv
INFO  02:06:14 procesing password
ERROR 02:06:14 Invalid credentials
INFO  02:07:44 procesing password
ERROR 02:07:44 Invalid credentials
INFO  02:08:31 procesing password
ERROR 02:08:31 Invalid credentials
INFO  02:09:00 Registering Account
INFO  02:09:00 Registering Account
INFO  02:09:00 Account registered
INFO  02:09:04 procesing password
INFO  02:09:04 Login success for Virat
INFO  02:09:38 procesing password
INFO  02:09:38 Login success for Virat
INFO  02:10:15 procesing password
INFO  02:10:15 Login success for Virat
INFO  02:11:12 procesing password
INFO  02:11:12 Login success for thejasv
INFO  02:11:38 procesing password
INFO  02:11:38 Login success for thejasv
INFO  02:13:00 updating new password
INFO  02:13:00 Updating  user password
INFO  02:13:00 password updated successfully
INFO  02:17:37 Application started. Press Ctrl+C to shut down.
INFO  02:17:37 Hosting environment: Development
INFO  02:17:37 Content root path: D:\edufolder\BMS
INFO  02:22:16 procesing password
ERROR 02:22:20 Invalid credentials
INFO  02:22:28 procesing password
ERROR 02:22:29 Invalid credentials
INFO  02:22:43 procesing password
ERROR 02:22:43 Invalid credentials
INFO  02:22:58 procesing password
ERROR 02:22:58 Invalid credentials
INFO  02:33:24 Registering Account
INFO  02:33:24 Registering Account
INFO  02:33:24 Account registered
INFO  02:33:27 procesing password
INFO  02:33:27 Login success for Virat
INFO  02:33:41 procesing password
INFO  02:33:41 Login success for Virat
INFO  02:34:00 procesing password
INFO  02:34:00 Login success for Virat
INFO  02:34:19 procesing password
ERROR 02:34:19 Invalid credentials
INFO  02:34:34 procesing password
ERROR 02:34:34 Invalid credentials
INFO  02:38:25 procesing password
INFO  02:38:25 Login success for Virat
INFO  02:47:10 Registering Account
INFO  02:47:10 Registering Account
INFO  02:47:10 Account registered
INFO  02:47:13 procesing password
INFO  02:47:13 Login success for Virat
INFO  02:47:27 procesing password
INFO  02:47:28 Login success for Virat
INFO  02:47:46 procesing password
INFO  02:47:46 Login success for Virat
INFO  02:48:05 procesing password
ERROR 02:48:05 Invalid credentials
INFO  02:48:20 procesing password
INFO  02:48:20 Login success for Virat
INFO  02:57:30 Application started. Press Ctrl+C to shut down.
INFO  02:57:30 Hosting environment: Development
INFO  02:57:30 Content root path: D:\edufolder\BMS
INFO  03:07:56 procesing password
ERROR 03:07:59 Invalid credentials
INFO  03:08:06 procesing password
ERROR 03:08:06 Invalid credentials
INFO  03:08:26 procesing password
INFO  03:08:27 Login success for thejasv
INFO  03:08:47 Updating Account
INFO  03:08:47 Updating Account details
INFO  03:08:47 Updated account details
INFO  03:09:29 updating new password
INFO  03:09:29 Updating  user password
INFO  03:09:29 password updated successfully
INFO  03:10:00 Updating Account
INFO  03:10:00 Updating Account details
INFO  03:10:01 Updated account details
INFO  03:19:41 Application started. Press Ctrl+C to shut down.
INFO  03:19:41 Hosting environment: Development
INFO  03:19:41 Content root path: D:\edufolder\BMS
INFO  03:20:48 Registering Account
INFO  03:20:48 Registering Account
INFO  03:20:48 Account registered
INFO  03:20:51 procesing password
INFO  03:20:51 Login success for Virat
INFO  03:21:22 procesing password
INFO  03:21:22 Login success for Virat
INFO  03:31:42 Application started. Press Ctrl+C to shut down.
INFO  03:31:42 Hosting environment: Development
INFO  03:31:42 Content root path: D:\edufolder\BMS
INFO  03:32:06 Application started. Press Ctrl+C to shut down.
INFO  03:32:06 Hosting environment: Development
INFO  03:32:06 Content root path: D:\edufolder\BMS
